0 info it worked if it ends with ok
1 verbose cli [ 'C:\\Program Files\\nodejs\\node.exe',
1 verbose cli   'C:\\Program Files\\nodejs\\node_modules\\npm\\bin\\npm-cli.js',
1 verbose cli   'start' ]
2 info using npm@3.10.10
3 info using node@v6.11.1
4 verbose run-script [ 'prestart', 'start', 'poststart' ]
5 info lifecycle rzhrbac@0.0.0~prestart: rzhrbac@0.0.0
6 silly lifecycle rzhrbac@0.0.0~prestart: no script for prestart, continuing
7 info lifecycle rzhrbac@0.0.0~start: rzhrbac@0.0.0
8 verbose lifecycle rzhrbac@0.0.0~start: unsafe-perm in lifecycle true
9 verbose lifecycle rzhrbac@0.0.0~start: PATH: C:\Program Files\nodejs\node_modules\npm\bin\node-gyp-bin;C:\workspace\rbac\hawthorn-platform\node_modules\.bin;C:\Program Files\Git\mingw64\bin;C:\Program Files\Git\usr\bin;C:\Users\Administrator\bin;C:\Program Files (x86)\Common Files\NetSarang;C:\Program Files\gradle-3.0-rc-2\bin;C:\Program Files\Java\jdk1.8.0_65\bin;C:\ProgramData\Oracle\Java\javapath;C:\windows\system32;C:\windows;C:\windows\System32\Wbem;C:\windows\System32\WindowsPowerShell\v1.0;C:\Program Files (x86)\NVIDIA Corporation\PhysX\Common;C:\Program Files\TortoiseSVN\bin;C:\Program Files\TortoiseGit\bin;C:\Program Files\OpenVPN\bin;C:\Program Files\Git\cmd;C:\Program Files\nodejs;C:\Program Files\nodejs;C:\Users\Administrator\AppData\Local\Microsoft\WindowsApps;C:\Users\Administrator\AppData\Roaming\npm;C:\Program Files\nodejs;C:\Users\Administrator\AppData\Local\Programs\Fiddler
10 verbose lifecycle rzhrbac@0.0.0~start: CWD: C:\workspace\rbac\hawthorn-platform
11 silly lifecycle rzhrbac@0.0.0~start: Args: [ '/d /s /c',
11 silly lifecycle   'ng serve --host 192.168.10.153 --port 4000 --proxy-config proxy.conf.js' ]
12 silly lifecycle rzhrbac@0.0.0~start: Returned: code: 3221225786  signal: null
13 info lifecycle rzhrbac@0.0.0~start: Failed to exec start script
14 verbose stack Error: rzhrbac@0.0.0 start: `ng serve --host 192.168.10.153 --port 4000 --proxy-config proxy.conf.js`
14 verbose stack Exit status 3221225786
14 verbose stack     at EventEmitter.<anonymous> (C:\Program Files\nodejs\node_modules\npm\lib\utils\lifecycle.js:255:16)
14 verbose stack     at emitTwo (events.js:106:13)
14 verbose stack     at EventEmitter.emit (events.js:191:7)
14 verbose stack     at ChildProcess.<anonymous> (C:\Program Files\nodejs\node_modules\npm\lib\utils\spawn.js:40:14)
14 verbose stack     at emitTwo (events.js:106:13)
14 verbose stack     at ChildProcess.emit (events.js:191:7)
14 verbose stack     at maybeClose (internal/child_process.js:891:16)
14 verbose stack     at Process.ChildProcess._handle.onexit (internal/child_process.js:226:5)
15 verbose pkgid rzhrbac@0.0.0
16 verbose cwd C:\workspace\rbac\hawthorn-platform\src\app\routes\statistics\xtsz
17 error Windows_NT 10.0.14393
18 error argv "C:\\Program Files\\nodejs\\node.exe" "C:\\Program Files\\nodejs\\node_modules\\npm\\bin\\npm-cli.js" "start"
19 error node v6.11.1
20 error npm  v3.10.10
21 error code ELIFECYCLE
22 error rzhrbac@0.0.0 start: `ng serve --host 192.168.10.153 --port 4000 --proxy-config proxy.conf.js`
22 error Exit status 3221225786
23 error Failed at the rzhrbac@0.0.0 start script 'ng serve --host 192.168.10.153 --port 4000 --proxy-config proxy.conf.js'.
23 error Make sure you have the latest version of node.js and npm installed.
23 error If you do, this is most likely a problem with the rzhrbac package,
23 error not with npm itself.
23 error Tell the author that this fails on your system:
23 error     ng serve --host 192.168.10.153 --port 4000 --proxy-config proxy.conf.js
23 error You can get information on how to open an issue for this project with:
23 error     npm bugs rzhrbac
23 error Or if that isn't available, you can get their info via:
23 error     npm owner ls rzhrbac
23 error There is likely additional logging output above.
24 verbose exit [ 1, true ]
